app/build/outputs/logs/manifest-merger-debug-report.txt
-- Merging decision tree log ---
manifest
ADDED from src\main\AndroidManifest.xml:2:1-91:12
	package
		ADDED from src\main\AndroidManifest.xml:3:5-45
		INJECTED from src\main\AndroidManifest.xml
		INJECTED from src\main\AndroidManifest.xml
	android:versionName
		ADDED from src\main\AndroidManifest.xml:5:5-30
		INJECTED from src\main\AndroidManifest.xml
		INJECTED from src\main\AndroidManifest.xml
	android:versionCode
		ADDED from src\main\AndroidManifest.xml:4:5-28
		INJECTED from src\main\AndroidManifest.xml
		INJECTED from src\main\AndroidManifest.xml
	xmlns:android
		ADDED from src\main\AndroidManifest.xml:2:11-69
uses-sdk
ADDED from src\main\AndroidManifest.xml:7:5-9:41
MERGED from [com.android.support:support-v4:21.0.0] AndroidManifest.xml:15:5-42
	android:targetSdkVersion
		ADDED from src\main\AndroidManifest.xml:9:9-38
		INJECTED from src\main\AndroidManifest.xml
		INJECTED from src\main\AndroidManifest.xml
	android:minSdkVersion
		ADDED from src\main\AndroidManifest.xml:8:9-35
		INJECTED from src\main\AndroidManifest.xml
		INJECTED from src\main\AndroidManifest.xml
application
ADDED from src\main\AndroidManifest.xml:11:5-89:19
MERGED from [com.android.support:support-v4:21.0.0] AndroidManifest.xml:16:5-19
	android:label
		ADDED from src\main\AndroidManifest.xml:14:9-41
	android:allowBackup
		ADDED from src\main\AndroidManifest.xml:12:9-35
	android:icon
		ADDED from src\main\AndroidManifest.xml:13:9-45
	android:theme
		ADDED from src\main\AndroidManifest.xml:15:9-40
activity#edu.rosehulman.baseballmanager.SplashScreen
ADDED from src\main\AndroidManifest.xml:16:9-24:20
	android:label
		ADDED from src\main\AndroidManifest.xml:18:13-45
	android:name
		ADDED from src\main\AndroidManifest.xml:17:13-41
intent-filter#android.intent.action.MAIN+android.intent.category.LAUNCHER
ADDED from src\main\AndroidManifest.xml:19:13-23:29
action#android.intent.action.MAIN
ADDED from src\main\AndroidManifest.xml:20:17-69
	android:name
		ADDED from src\main\AndroidManifest.xml:20:25-66
category#android.intent.category.LAUNCHER
ADDED from src\main\AndroidManifest.xml:22:17-77
	android:name
		ADDED from src\main\AndroidManifest.xml:22:27-74
activity#edu.rosehulman.baseballmanager.Activities.TeamSelectActivity
ADDED from src\main\AndroidManifest.xml:25:9-28:20
	android:label
		ADDED from src\main\AndroidManifest.xml:27:13-63
	android:name
		ADDED from src\main\AndroidManifest.xml:26:13-58
activity#edu.rosehulman.baseballmanager.Activities.AddEditTeamActivity
ADDED from src\main\AndroidManifest.xml:29:9-32:20
	android:label
		ADDED from src\main\AndroidManifest.xml:31:13-63
	android:name
		ADDED from src\main\AndroidManifest.xml:30:13-59
activity#edu.rosehulman.baseballmanager.Activities.TeamPageActivity
ADDED from src\main\AndroidManifest.xml:33:9-36:20
	android:label
		ADDED from src\main\AndroidManifest.xml:35:13-61
	android:name
		ADDED from src\main\AndroidManifest.xml:34:13-56
activity#edu.rosehulman.baseballmanager.Activities.ScheduleActivity
ADDED from src\main\AndroidManifest.xml:37:9-40:20
	android:label
		ADDED from src\main\AndroidManifest.xml:39:13-60
	android:name
		ADDED from src\main\AndroidManifest.xml:38:13-56
activity#edu.rosehulman.baseballmanager.Activities.SeasonStatisticsActivity
ADDED from src\main\AndroidManifest.xml:41:9-44:20
	android:label
		ADDED from src\main\AndroidManifest.xml:43:13-69
	android:name
		ADDED from src\main\AndroidManifest.xml:42:13-64
activity#edu.rosehulman.baseballmanager.Activities.RosterActivity
ADDED from src\main\AndroidManifest.xml:45:9-48:20
	android:label
		ADDED from src\main\AndroidManifest.xml:47:13-58
	android:name
		ADDED from src\main\AndroidManifest.xml:46:13-54
activity#edu.rosehulman.baseballmanager.Activities.AddEditPlayerActivity
ADDED from src\main\AndroidManifest.xml:49:9-52:20
	android:label
		ADDED from src\main\AndroidManifest.xml:51:13-67
	android:name
		ADDED from src\main\AndroidManifest.xml:50:13-61
activity#edu.rosehulman.baseballmanager.EnterRecapActivity
ADDED from src\main\AndroidManifest.xml:53:9-56:20
	android:label
		ADDED from src\main\AndroidManifest.xml:55:13-63
	android:name
		ADDED from src\main\AndroidManifest.xml:54:13-47
activity#edu.rosehulman.baseballmanager.Activities.GameRecapActivity
ADDED from src\main\AndroidManifest.xml:57:9-60:20
	android:label
		ADDED from src\main\AndroidManifest.xml:59:13-62
	android:name
		ADDED from src\main\AndroidManifest.xml:58:13-57
activity#edu.rosehulman.baseballmanager.LineupFragment
ADDED from src\main\AndroidManifest.xml:61:9-64:20
	android:label
		ADDED from src\main\AndroidManifest.xml:63:13-58
	android:name
		ADDED from src\main\AndroidManifest.xml:62:13-43
activity#edu.rosehulman.baseballmanager.DepthChartFragment
ADDED from src\main\AndroidManifest.xml:65:9-68:20
	android:label
		ADDED from src\main\AndroidManifest.xml:67:13-63
	android:name
		ADDED from src\main\AndroidManifest.xml:66:13-47
activity#edu.rosehulman.baseballmanager.UpcomingGamesFragment
ADDED from src\main\AndroidManifest.xml:69:9-72:20
	android:label
		ADDED from src\main\AndroidManifest.xml:71:13-66
	android:name
		ADDED from src\main\AndroidManifest.xml:70:13-50
activity#edu.rosehulman.baseballmanager.PreviousGamesFragment
ADDED from src\main\AndroidManifest.xml:73:9-76:20
	android:label
		ADDED from src\main\AndroidManifest.xml:75:13-66
	android:name
		ADDED from src\main\AndroidManifest.xml:74:13-50
activity#edu.rosehulman.baseballmanager.BattingDefenseStatsFragment
ADDED from src\main\AndroidManifest.xml:77:9-80:20
	android:label
		ADDED from src\main\AndroidManifest.xml:79:13-73
	android:name
		ADDED from src\main\AndroidManifest.xml:78:13-56
activity#edu.rosehulman.baseballmanager.PitchingStatsFragment
ADDED from src\main\AndroidManifest.xml:81:9-84:20
	android:label
		ADDED from src\main\AndroidManifest.xml:83:13-66
	android:name
		ADDED from src\main\AndroidManifest.xml:82:13-50
activity#edu.rosehulman.baseballmanager.Activities.AddGameActivity
ADDED from src\main\AndroidManifest.xml:85:9-88:20
	android:label
		ADDED from src\main\AndroidManifest.xml:87:13-60
	android:name
		ADDED from src\main\AndroidManifest.xml:86:13-55